cron job is scheduled

--- run cron job ---

- open login page
4.562
- refresh login page
19.144
- login begin
- login success
- open home page
95.946
- refresh home page
12.323
- open report page
15.553
- refresh report page
8.826
test result
{"login_time":4.562,"login_time_refresh":19.144,"home_time":95.946,"home_time_refresh":12.323,"report_time":15.553,"report_time_refresh":8.826,"name":"kyle.z.zhang@oracle.com","location":"shenzhen"}
api success

--- run cron job ---

- open login page
17.293
- refresh login page
3.972
- login begin
- login success
- open home page
89.981
- refresh home page
8.323
- open report page
11.6
- refresh report page
8.926
test result
{"login_time":17.293,"login_time_refresh":3.972,"home_time":89.981,"home_time_refresh":8.323,"report_time":11.6,"report_time_refresh":8.926,"name":"kyle.z.zhang@oracle.com","location":"shenzhen"}
api success

--- run cron job ---

- open login page
19.42
- refresh login page
2.37
- login begin
- login success
- open home page
66.161
- refresh home page
7.595
- open report page
9.841
- refresh report page
7.9
test result
{"login_time":19.42,"login_time_refresh":2.37,"home_time":66.161,"home_time_refresh":7.595,"report_time":9.841,"report_time_refresh":7.9,"name":"kyle.z.zhang@oracle.com","location":"shenzhen"}
api success

--- run cron job ---

- open login page
34.649
- refresh login page
2.34
- login begin
- login success
- open home page
2.837
- refresh home page
0
- open report page
0
- refresh report page
0
test result
{"login_time":34.649,"login_time_refresh":2.34,"home_time":2.837,"home_time_refresh":0,"report_time":0,"report_time_refresh":0,"name":"kyle.z.zhang@oracle.com","location":"shenzhen"}
api success

